[10:10:35:355] [ERROR] - invengo.cn.rocketmq.common.log.impl.Log4jImpl.error(Log4jImpl.java:35) - encode exception. 
java.nio.BufferOverflowException
	at java.nio.HeapByteBuffer.put(Unknown Source) ~[?:1.8.0_101]
	at java.nio.ByteBuffer.put(Unknown Source) ~[?:1.8.0_101]
	at invengo.cn.rocketmq.remoting.protocol.RemotingCommand.encodeHeader(RemotingCommand.java:32) ~[classes/:?]
	at invengo.cn.rocketmq.remoting.protocol.RemotingCommand.encodeHeader(RemotingCommand.java:12) ~[classes/:?]
	at invengo.cn.rocketmq.remoting.netty.NettyEncoder.encode(NettyEncoder.java:19) [classes/:?]
	at invengo.cn.rocketmq.remoting.netty.NettyEncoder.encode(NettyEncoder.java:1) [classes/:?]
	at io.netty.handler.codec.MessageToByteEncoder.write(MessageToByteEncoder.java:107) [netty-all-4.1.16.Final.jar:4.1.16.Final]
	at io.netty.channel.AbstractChannelHandlerContext.invokeWrite0(AbstractChannelHandlerContext.java:738) [netty-all-4.1.16.Final.jar:4.1.16.Final]
	at io.netty.channel.AbstractChannelHandlerContext.invokeWrite(AbstractChannelHandlerContext.java:730) [netty-all-4.1.16.Final.jar:4.1.16.Final]
	at io.netty.channel.AbstractChannelHandlerContext.access$1900(AbstractChannelHandlerContext.java:38) [netty-all-4.1.16.Final.jar:4.1.16.Final]
	at io.netty.channel.AbstractChannelHandlerContext$AbstractWriteTask.write(AbstractChannelHandlerContext.java:1081) [netty-all-4.1.16.Final.jar:4.1.16.Final]
	at io.netty.channel.AbstractChannelHandlerContext$WriteAndFlushTask.write(AbstractChannelHandlerContext.java:1128) [netty-all-4.1.16.Final.jar:4.1.16.Final]
	at io.netty.channel.AbstractChannelHandlerContext$AbstractWriteTask.run(AbstractChannelHandlerContext.java:1070) [netty-all-4.1.16.Final.jar:4.1.16.Final]
	at io.netty.util.concurrent.DefaultEventExecutor.run(DefaultEventExecutor.java:66) [netty-all-4.1.16.Final.jar:4.1.16.Final]
	at io.netty.util.concurrent.SingleThreadEventExecutor$5.run(SingleThreadEventExecutor.java:858) [netty-all-4.1.16.Final.jar:4.1.16.Final]
	at java.lang.Thread.run(Unknown Source) [?:1.8.0_101]
[10:10:35:365] [ERROR] - invengo.cn.rocketmq.common.log.impl.Log4jImpl.error(Log4jImpl.java:39) - invengo.cn.rocketmq.remoting.protocol.RemotingCommand@5453bd23
[10:15:35:333] [ERROR] - invengo.cn.rocketmq.common.log.impl.Log4jImpl.error(Log4jImpl.java:35) - encode exception. 
java.nio.BufferOverflowException
	at java.nio.HeapByteBuffer.put(Unknown Source) ~[?:1.8.0_101]
	at java.nio.ByteBuffer.put(Unknown Source) ~[?:1.8.0_101]
	at invengo.cn.rocketmq.remoting.protocol.RemotingCommand.encodeHeader(RemotingCommand.java:32) ~[classes/:?]
	at invengo.cn.rocketmq.remoting.protocol.RemotingCommand.encodeHeader(RemotingCommand.java:12) ~[classes/:?]
	at invengo.cn.rocketmq.remoting.netty.NettyEncoder.encode(NettyEncoder.java:19) [classes/:?]
	at invengo.cn.rocketmq.remoting.netty.NettyEncoder.encode(NettyEncoder.java:1) [classes/:?]
	at io.netty.handler.codec.MessageToByteEncoder.write(MessageToByteEncoder.java:107) [netty-all-4.1.16.Final.jar:4.1.16.Final]
	at io.netty.channel.AbstractChannelHandlerContext.invokeWrite0(AbstractChannelHandlerContext.java:738) [netty-all-4.1.16.Final.jar:4.1.16.Final]
	at io.netty.channel.AbstractChannelHandlerContext.invokeWrite(AbstractChannelHandlerContext.java:730) [netty-all-4.1.16.Final.jar:4.1.16.Final]
	at io.netty.channel.AbstractChannelHandlerContext.write(AbstractChannelHandlerContext.java:816) [netty-all-4.1.16.Final.jar:4.1.16.Final]
	at io.netty.channel.AbstractChannelHandlerContext.write(AbstractChannelHandlerContext.java:723) [netty-all-4.1.16.Final.jar:4.1.16.Final]
	at io.netty.channel.ChannelDuplexHandler.write(ChannelDuplexHandler.java:106) [netty-all-4.1.16.Final.jar:4.1.16.Final]
	at io.netty.channel.AbstractChannelHandlerContext.invokeWrite0(AbstractChannelHandlerContext.java:738) [netty-all-4.1.16.Final.jar:4.1.16.Final]
	at io.netty.channel.AbstractChannelHandlerContext.invokeWrite(AbstractChannelHandlerContext.java:730) [netty-all-4.1.16.Final.jar:4.1.16.Final]
	at io.netty.channel.AbstractChannelHandlerContext.access$1900(AbstractChannelHandlerContext.java:38) [netty-all-4.1.16.Final.jar:4.1.16.Final]
	at io.netty.channel.AbstractChannelHandlerContext$AbstractWriteTask.write(AbstractChannelHandlerContext.java:1081) [netty-all-4.1.16.Final.jar:4.1.16.Final]
	at io.netty.channel.AbstractChannelHandlerContext$WriteAndFlushTask.write(AbstractChannelHandlerContext.java:1128) [netty-all-4.1.16.Final.jar:4.1.16.Final]
	at io.netty.channel.AbstractChannelHandlerContext$AbstractWriteTask.run(AbstractChannelHandlerContext.java:1070) [netty-all-4.1.16.Final.jar:4.1.16.Final]
	at io.netty.util.concurrent.DefaultEventExecutor.run(DefaultEventExecutor.java:66) [netty-all-4.1.16.Final.jar:4.1.16.Final]
	at io.netty.util.concurrent.SingleThreadEventExecutor$5.run(SingleThreadEventExecutor.java:858) [netty-all-4.1.16.Final.jar:4.1.16.Final]
	at java.lang.Thread.run(Unknown Source) [?:1.8.0_101]
[10:15:35:335] [ERROR] - invengo.cn.rocketmq.common.log.impl.Log4jImpl.error(Log4jImpl.java:39) - invengo.cn.rocketmq.remoting.protocol.RemotingCommand@75c69a0b
[10:20:35:336] [ERROR] - invengo.cn.rocketmq.common.log.impl.Log4jImpl.error(Log4jImpl.java:35) - encode exception. 
java.nio.BufferOverflowException
	at java.nio.HeapByteBuffer.put(Unknown Source) ~[?:1.8.0_101]
	at java.nio.ByteBuffer.put(Unknown Source) ~[?:1.8.0_101]
	at invengo.cn.rocketmq.remoting.protocol.RemotingCommand.encodeHeader(RemotingCommand.java:32) ~[classes/:?]
	at invengo.cn.rocketmq.remoting.protocol.RemotingCommand.encodeHeader(RemotingCommand.java:12) ~[classes/:?]
	at invengo.cn.rocketmq.remoting.netty.NettyEncoder.encode(NettyEncoder.java:19) [classes/:?]
	at invengo.cn.rocketmq.remoting.netty.NettyEncoder.encode(NettyEncoder.java:1) [classes/:?]
	at io.netty.handler.codec.MessageToByteEncoder.write(MessageToByteEncoder.java:107) [netty-all-4.1.16.Final.jar:4.1.16.Final]
	at io.netty.channel.AbstractChannelHandlerContext.invokeWrite0(AbstractChannelHandlerContext.java:738) [netty-all-4.1.16.Final.jar:4.1.16.Final]
	at io.netty.channel.AbstractChannelHandlerContext.invokeWrite(AbstractChannelHandlerContext.java:730) [netty-all-4.1.16.Final.jar:4.1.16.Final]
	at io.netty.channel.AbstractChannelHandlerContext.write(AbstractChannelHandlerContext.java:816) [netty-all-4.1.16.Final.jar:4.1.16.Final]
	at io.netty.channel.AbstractChannelHandlerContext.write(AbstractChannelHandlerContext.java:723) [netty-all-4.1.16.Final.jar:4.1.16.Final]
	at io.netty.channel.ChannelDuplexHandler.write(ChannelDuplexHandler.java:106) [netty-all-4.1.16.Final.jar:4.1.16.Final]
	at io.netty.channel.AbstractChannelHandlerContext.invokeWrite0(AbstractChannelHandlerContext.java:738) [netty-all-4.1.16.Final.jar:4.1.16.Final]
	at io.netty.channel.AbstractChannelHandlerContext.invokeWrite(AbstractChannelHandlerContext.java:730) [netty-all-4.1.16.Final.jar:4.1.16.Final]
	at io.netty.channel.AbstractChannelHandlerContext.access$1900(AbstractChannelHandlerContext.java:38) [netty-all-4.1.16.Final.jar:4.1.16.Final]
	at io.netty.channel.AbstractChannelHandlerContext$AbstractWriteTask.write(AbstractChannelHandlerContext.java:1081) [netty-all-4.1.16.Final.jar:4.1.16.Final]
	at io.netty.channel.AbstractChannelHandlerContext$WriteAndFlushTask.write(AbstractChannelHandlerContext.java:1128) [netty-all-4.1.16.Final.jar:4.1.16.Final]
	at io.netty.channel.AbstractChannelHandlerContext$AbstractWriteTask.run(AbstractChannelHandlerContext.java:1070) [netty-all-4.1.16.Final.jar:4.1.16.Final]
	at io.netty.util.concurrent.DefaultEventExecutor.run(DefaultEventExecutor.java:66) [netty-all-4.1.16.Final.jar:4.1.16.Final]
	at io.netty.util.concurrent.SingleThreadEventExecutor$5.run(SingleThreadEventExecutor.java:858) [netty-all-4.1.16.Final.jar:4.1.16.Final]
	at java.lang.Thread.run(Unknown Source) [?:1.8.0_101]
[10:20:35:337] [ERROR] - invengo.cn.rocketmq.common.log.impl.Log4jImpl.error(Log4jImpl.java:39) - invengo.cn.rocketmq.remoting.protocol.RemotingCommand@24a75ab2
[10:42:59:053] [ERROR] - invengo.cn.rocketmq.remoting.netty.NettyEncoder.encode(NettyEncoder.java:24) - encode exception. 
java.nio.BufferOverflowException
	at java.nio.HeapByteBuffer.put(Unknown Source) ~[?:1.8.0_101]
	at java.nio.ByteBuffer.put(Unknown Source) ~[?:1.8.0_101]
	at invengo.cn.rocketmq.remoting.protocol.RemotingCommand.encodeHeader(RemotingCommand.java:32) ~[classes/:?]
	at invengo.cn.rocketmq.remoting.protocol.RemotingCommand.encodeHeader(RemotingCommand.java:12) ~[classes/:?]
	at invengo.cn.rocketmq.remoting.netty.NettyEncoder.encode(NettyEncoder.java:20) [classes/:?]
	at invengo.cn.rocketmq.remoting.netty.NettyEncoder.encode(NettyEncoder.java:1) [classes/:?]
	at io.netty.handler.codec.MessageToByteEncoder.write(MessageToByteEncoder.java:107) [netty-all-4.1.16.Final.jar:4.1.16.Final]
	at io.netty.channel.AbstractChannelHandlerContext.invokeWrite0(AbstractChannelHandlerContext.java:738) [netty-all-4.1.16.Final.jar:4.1.16.Final]
	at io.netty.channel.AbstractChannelHandlerContext.invokeWrite(AbstractChannelHandlerContext.java:730) [netty-all-4.1.16.Final.jar:4.1.16.Final]
	at io.netty.channel.AbstractChannelHandlerContext.access$1900(AbstractChannelHandlerContext.java:38) [netty-all-4.1.16.Final.jar:4.1.16.Final]
	at io.netty.channel.AbstractChannelHandlerContext$AbstractWriteTask.write(AbstractChannelHandlerContext.java:1081) [netty-all-4.1.16.Final.jar:4.1.16.Final]
	at io.netty.channel.AbstractChannelHandlerContext$WriteAndFlushTask.write(AbstractChannelHandlerContext.java:1128) [netty-all-4.1.16.Final.jar:4.1.16.Final]
	at io.netty.channel.AbstractChannelHandlerContext$AbstractWriteTask.run(AbstractChannelHandlerContext.java:1070) [netty-all-4.1.16.Final.jar:4.1.16.Final]
	at io.netty.util.concurrent.DefaultEventExecutor.run(DefaultEventExecutor.java:66) [netty-all-4.1.16.Final.jar:4.1.16.Final]
	at io.netty.util.concurrent.SingleThreadEventExecutor$5.run(SingleThreadEventExecutor.java:858) [netty-all-4.1.16.Final.jar:4.1.16.Final]
	at java.lang.Thread.run(Unknown Source) [?:1.8.0_101]
[10:42:59:056] [ERROR] - invengo.cn.rocketmq.remoting.netty.NettyEncoder.encode(NettyEncoder.java:26) - invengo.cn.rocketmq.remoting.protocol.RemotingCommand@5c52a4de
[11:06:47:072] [ERROR] - invengo.cn.rocketmq.remoting.netty.NettyEncoder.encode(NettyEncoder.java:25) - encode exception. 
java.nio.BufferOverflowException
	at java.nio.HeapByteBuffer.put(Unknown Source) ~[?:1.8.0_101]
	at java.nio.ByteBuffer.put(Unknown Source) ~[?:1.8.0_101]
	at invengo.cn.rocketmq.remoting.protocol.RemotingCommand.encodeHeader(RemotingCommand.java:32) ~[classes/:?]
	at invengo.cn.rocketmq.remoting.protocol.RemotingCommand.encodeHeader(RemotingCommand.java:12) ~[classes/:?]
	at invengo.cn.rocketmq.remoting.netty.NettyEncoder.encode(NettyEncoder.java:20) [classes/:?]
	at invengo.cn.rocketmq.remoting.netty.NettyEncoder.encode(NettyEncoder.java:1) [classes/:?]
	at io.netty.handler.codec.MessageToByteEncoder.write(MessageToByteEncoder.java:107) [netty-all-4.1.16.Final.jar:4.1.16.Final]
	at io.netty.channel.AbstractChannelHandlerContext.invokeWrite0(AbstractChannelHandlerContext.java:738) [netty-all-4.1.16.Final.jar:4.1.16.Final]
	at io.netty.channel.AbstractChannelHandlerContext.invokeWrite(AbstractChannelHandlerContext.java:730) [netty-all-4.1.16.Final.jar:4.1.16.Final]
	at io.netty.channel.AbstractChannelHandlerContext.write(AbstractChannelHandlerContext.java:816) [netty-all-4.1.16.Final.jar:4.1.16.Final]
	at io.netty.channel.AbstractChannelHandlerContext.write(AbstractChannelHandlerContext.java:723) [netty-all-4.1.16.Final.jar:4.1.16.Final]
	at io.netty.channel.ChannelDuplexHandler.write(ChannelDuplexHandler.java:106) [netty-all-4.1.16.Final.jar:4.1.16.Final]
	at io.netty.channel.AbstractChannelHandlerContext.invokeWrite0(AbstractChannelHandlerContext.java:738) [netty-all-4.1.16.Final.jar:4.1.16.Final]
	at io.netty.channel.AbstractChannelHandlerContext.invokeWrite(AbstractChannelHandlerContext.java:730) [netty-all-4.1.16.Final.jar:4.1.16.Final]
	at io.netty.channel.AbstractChannelHandlerContext.access$1900(AbstractChannelHandlerContext.java:38) [netty-all-4.1.16.Final.jar:4.1.16.Final]
	at io.netty.channel.AbstractChannelHandlerContext$AbstractWriteTask.write(AbstractChannelHandlerContext.java:1081) [netty-all-4.1.16.Final.jar:4.1.16.Final]
	at io.netty.channel.AbstractChannelHandlerContext$WriteAndFlushTask.write(AbstractChannelHandlerContext.java:1128) [netty-all-4.1.16.Final.jar:4.1.16.Final]
	at io.netty.channel.AbstractChannelHandlerContext$AbstractWriteTask.run(AbstractChannelHandlerContext.java:1070) [netty-all-4.1.16.Final.jar:4.1.16.Final]
	at io.netty.util.concurrent.DefaultEventExecutor.run(DefaultEventExecutor.java:66) [netty-all-4.1.16.Final.jar:4.1.16.Final]
	at io.netty.util.concurrent.SingleThreadEventExecutor$5.run(SingleThreadEventExecutor.java:858) [netty-all-4.1.16.Final.jar:4.1.16.Final]
	at java.lang.Thread.run(Unknown Source) [?:1.8.0_101]
[11:06:47:088] [ERROR] - invengo.cn.rocketmq.remoting.netty.NettyEncoder.encode(NettyEncoder.java:27) - invengo.cn.rocketmq.remoting.protocol.RemotingCommand@62c95bc4
[11:31:31:284] [ERROR] - invengo.cn.rocketmq.remoting.netty.NettyEncoder.encode(NettyEncoder.java:25) - encode exception. 
java.nio.BufferOverflowException
	at java.nio.HeapByteBuffer.put(Unknown Source) ~[?:1.8.0_101]
	at java.nio.ByteBuffer.put(Unknown Source) ~[?:1.8.0_101]
	at invengo.cn.rocketmq.remoting.protocol.RemotingCommand.encodeHeader(RemotingCommand.java:32) ~[classes/:?]
	at invengo.cn.rocketmq.remoting.protocol.RemotingCommand.encodeHeader(RemotingCommand.java:12) ~[classes/:?]
	at invengo.cn.rocketmq.remoting.netty.NettyEncoder.encode(NettyEncoder.java:20) [classes/:?]
	at invengo.cn.rocketmq.remoting.netty.NettyEncoder.encode(NettyEncoder.java:1) [classes/:?]
	at io.netty.handler.codec.MessageToByteEncoder.write(MessageToByteEncoder.java:107) [netty-all-4.1.16.Final.jar:4.1.16.Final]
	at io.netty.channel.AbstractChannelHandlerContext.invokeWrite0(AbstractChannelHandlerContext.java:738) [netty-all-4.1.16.Final.jar:4.1.16.Final]
	at io.netty.channel.AbstractChannelHandlerContext.invokeWrite(AbstractChannelHandlerContext.java:730) [netty-all-4.1.16.Final.jar:4.1.16.Final]
	at io.netty.channel.AbstractChannelHandlerContext.write(AbstractChannelHandlerContext.java:816) [netty-all-4.1.16.Final.jar:4.1.16.Final]
	at io.netty.channel.AbstractChannelHandlerContext.write(AbstractChannelHandlerContext.java:723) [netty-all-4.1.16.Final.jar:4.1.16.Final]
	at io.netty.channel.ChannelDuplexHandler.write(ChannelDuplexHandler.java:106) [netty-all-4.1.16.Final.jar:4.1.16.Final]
	at io.netty.channel.AbstractChannelHandlerContext.invokeWrite0(AbstractChannelHandlerContext.java:738) [netty-all-4.1.16.Final.jar:4.1.16.Final]
	at io.netty.channel.AbstractChannelHandlerContext.invokeWrite(AbstractChannelHandlerContext.java:730) [netty-all-4.1.16.Final.jar:4.1.16.Final]
	at io.netty.channel.AbstractChannelHandlerContext.access$1900(AbstractChannelHandlerContext.java:38) [netty-all-4.1.16.Final.jar:4.1.16.Final]
	at io.netty.channel.AbstractChannelHandlerContext$AbstractWriteTask.write(AbstractChannelHandlerContext.java:1081) [netty-all-4.1.16.Final.jar:4.1.16.Final]
	at io.netty.channel.AbstractChannelHandlerContext$WriteAndFlushTask.write(AbstractChannelHandlerContext.java:1128) [netty-all-4.1.16.Final.jar:4.1.16.Final]
	at io.netty.channel.AbstractChannelHandlerContext$AbstractWriteTask.run(AbstractChannelHandlerContext.java:1070) [netty-all-4.1.16.Final.jar:4.1.16.Final]
	at io.netty.util.concurrent.DefaultEventExecutor.run(DefaultEventExecutor.java:66) [netty-all-4.1.16.Final.jar:4.1.16.Final]
	at io.netty.util.concurrent.SingleThreadEventExecutor$5.run(SingleThreadEventExecutor.java:858) [netty-all-4.1.16.Final.jar:4.1.16.Final]
	at java.lang.Thread.run(Unknown Source) [?:1.8.0_101]
[11:31:31:284] [ERROR] - invengo.cn.rocketmq.remoting.netty.NettyEncoder.encode(NettyEncoder.java:27) - invengo.cn.rocketmq.remoting.protocol.RemotingCommand@5406aabe
